<?xml version="1.0" encoding="UTF-8"?>
<!-- Generated by org.testng.reporters.JUnitXMLReporter -->
<testsuite ignored="0" hostname="home-laptop" failures="1" tests="1" name="Test" time="81.436" errors="0" timestamp="2024-08-30T21:52:35 IST">
  <testcase classname="com.amazon.tests.AddToCartTest" name="addProductToCartTest" time="26.934">
    <failure type="java.lang.ArrayIndexOutOfBoundsException" message="Index 1 out of bounds for length 1">
      <![CDATA[java.lang.ArrayIndexOutOfBoundsException: Index 1 out of bounds for length 1
at com.amazon.pages.SearchedProductPage.clickSearchedProduct(SearchedProductPage.java:42)
at com.amazon.tests.AddToCartTest.addProductToCartTest(AddToCartTest.java:37)
at java.base/java.util.ArrayList.forEach(ArrayList.java:1511)
... Removed 31 stack frames]]>
    </failure>
  </testcase> <!-- addProductToCartTest -->
</testsuite> <!-- Test -->
