<?xml version="1.0" encoding="UTF-8"?>
<testng-results ignored="0" total="1" passed="1" failed="0" skipped="0">
  <reporter-output>
  </reporter-output>
  <suite started-at="2024-09-12T20:41:48 IST" name="Suite" finished-at="2024-09-12T20:42:41 IST" duration-ms="53337">
    <groups>
      <group name="Master">
        <method signature="AddToCartTest.addProductToCartTest()[pri:0, instance:com.amazon.tests.AddToCartTest@44c03695]" name="addProductToCartTest" class="com.amazon.tests.AddToCartTest"/>
      </group> <!-- Master -->
    </groups>
    <test started-at="2024-09-12T20:41:48 IST" name="Test" finished-at="2024-09-12T20:42:41 IST" duration-ms="53337">
      <class name="com.amazon.tests.AddToCartTest">
        <test-method is-config="true" signature="setupBrowser(java.lang.String)[pri:0, instance:com.amazon.tests.AddToCartTest@44c03695]" started-at="2024-09-12T20:41:49 IST" name="setupBrowser" finished-at="2024-09-12T20:41:58 IST" duration-ms="9409" status="PASS">
          <params>
            <param index="0">
              <value>
                <![CDATA[chrome]]>
              </value>
            </param>
          </params>
          <reporter-output>
          </reporter-output>
        </test-method> <!-- setupBrowser -->
        <test-method signature="addProductToCartTest()[pri:0, instance:com.amazon.tests.AddToCartTest@44c03695]" started-at="2024-09-12T20:41:58 IST" name="addProductToCartTest" finished-at="2024-09-12T20:42:40 IST" duration-ms="41387" status="PASS">
          <reporter-output>
          </reporter-output>
        </test-method> <!-- addProductToCartTest -->
        <test-method is-config="true" signature="teardownBrowser()[pri:0, instance:com.amazon.tests.AddToCartTest@44c03695]" started-at="2024-09-12T20:42:40 IST" name="teardownBrowser" finished-at="2024-09-12T20:42:41 IST" duration-ms="1644" status="PASS">
          <reporter-output>
          </reporter-output>
        </test-method> <!-- teardownBrowser -->
      </class> <!-- com.amazon.tests.AddToCartTest -->
    </test> <!-- Test -->
  </suite> <!-- Suite -->
</testng-results>
